[debug] [2025-01-07T20:17:39.044Z] ----------------------------------------------------------------------
[debug] [2025-01-07T20:17:39.046Z] Command:       C:\Program Files\nodejs\node.exe C:\Users\User\AppData\Roaming\npm\node_modules\firebase-tools\lib\bin\firebase.js init
[debug] [2025-01-07T20:17:39.047Z] CLI Version:   13.29.1
[debug] [2025-01-07T20:17:39.047Z] Platform:      win32
[debug] [2025-01-07T20:17:39.047Z] Node Version:  v22.11.0
[debug] [2025-01-07T20:17:39.047Z] Time:          Wed Jan 08 2025 02:17:39 GMT+0600 (Bangladesh Standard Time)
[debug] [2025-01-07T20:17:39.047Z] ----------------------------------------------------------------------
[debug] 
[debug] [2025-01-07T20:17:39.052Z] > command requires scopes: ["email","openid","https://www.googleapis.com/auth/cloudplatformprojects.readonly","https://www.googleapis.com/auth/firebase","https://www.googleapis.com/auth/cloud-platform"]
[debug] [2025-01-07T20:17:39.053Z] > authorizing via signed-in user (rishadkhan202119@gmail.com)
[info] 
     ######## #### ########  ######## ########     ###     ######  ########
     ##        ##  ##     ## ##       ##     ##  ##   ##  ##       ##
     ######    ##  ########  ######   ########  #########  ######  ######
     ##        ##  ##    ##  ##       ##     ## ##     ##       ## ##
     ##       #### ##     ## ######## ########  ##     ##  ######  ########

You're about to initialize a Firebase project in this directory:

  F:\bhaiya Pos software\possof

[info] 
=== Project Setup
[info] 
[info] First, let's associate this project directory with a Firebase project.
[info] You can create multiple project aliases by running firebase use --add, 
[info] but for now we'll just set up a default project.
[info] 
[debug] [2025-01-07T20:20:04.006Z] Checked if tokens are valid: true, expires at: 1736284635519
[debug] [2025-01-07T20:20:04.006Z] Checked if tokens are valid: true, expires at: 1736284635519
[debug] [2025-01-07T20:20:04.007Z] >>> [apiv2][query] GET https://firebase.googleapis.com/v1beta1/projects pageSize=100
[debug] [2025-01-07T20:20:04.858Z] <<< [apiv2][status] GET https://firebase.googleapis.com/v1beta1/projects 200
[debug] [2025-01-07T20:20:04.858Z] <<< [apiv2][body] GET https://firebase.googleapis.com/v1beta1/projects [omitted]
[info] i  Using project possoftware-93abe (posSoftware) 
[info] 
=== Dataconnect Setup
[debug] [2025-01-07T20:20:09.394Z] Checked if tokens are valid: true, expires at: 1736284635519
[debug] [2025-01-07T20:20:09.394Z] Checked if tokens are valid: true, expires at: 1736284635519
[debug] [2025-01-07T20:20:09.394Z] >>> [apiv2][query] GET https://cloudbilling.googleapis.com/v1/projects/possoftware-93abe/billingInfo [none]
[debug] [2025-01-07T20:20:11.050Z] <<< [apiv2][status] GET https://cloudbilling.googleapis.com/v1/projects/possoftware-93abe/billingInfo 200
[debug] [2025-01-07T20:20:11.051Z] <<< [apiv2][body] GET https://cloudbilling.googleapis.com/v1/projects/possoftware-93abe/billingInfo {"name":"projects/possoftware-93abe/billingInfo","projectId":"possoftware-93abe","billingAccountName":"","billingEnabled":false}
[info] i  dataconnect: ensuring required API sqladmin.googleapis.com is enabled... 
[debug] [2025-01-07T20:20:11.051Z] Checked if tokens are valid: true, expires at: 1736284635519
[debug] [2025-01-07T20:20:11.051Z] Checked if tokens are valid: true, expires at: 1736284635519
[debug] [2025-01-07T20:20:11.052Z] >>> [apiv2][query] GET https://serviceusage.googleapis.com/v1/projects/possoftware-93abe/services/sqladmin.googleapis.com [none]
[debug] [2025-01-07T20:20:11.052Z] >>> [apiv2][(partial)header] GET https://serviceusage.googleapis.com/v1/projects/possoftware-93abe/services/sqladmin.googleapis.com x-goog-quota-user=projects/possoftware-93abe
[debug] [2025-01-07T20:20:13.102Z] <<< [apiv2][status] GET https://serviceusage.googleapis.com/v1/projects/possoftware-93abe/services/sqladmin.googleapis.com 200
[debug] [2025-01-07T20:20:13.102Z] <<< [apiv2][body] GET https://serviceusage.googleapis.com/v1/projects/possoftware-93abe/services/sqladmin.googleapis.com [omitted]
[warn] !  dataconnect: missing required API sqladmin.googleapis.com. Enabling now... 
[debug] [2025-01-07T20:20:13.102Z] Checked if tokens are valid: true, expires at: 1736284635519
[debug] [2025-01-07T20:20:13.102Z] Checked if tokens are valid: true, expires at: 1736284635519
[debug] [2025-01-07T20:20:13.103Z] >>> [apiv2][query] POST https://serviceusage.googleapis.com/v1/projects/possoftware-93abe/services/sqladmin.googleapis.com:enable [none]
[debug] [2025-01-07T20:20:13.103Z] >>> [apiv2][(partial)header] POST https://serviceusage.googleapis.com/v1/projects/possoftware-93abe/services/sqladmin.googleapis.com:enable x-goog-quota-user=projects/possoftware-93abe
[debug] [2025-01-07T20:20:15.016Z] <<< [apiv2][status] POST https://serviceusage.googleapis.com/v1/projects/possoftware-93abe/services/sqladmin.googleapis.com:enable 200
[debug] [2025-01-07T20:20:15.017Z] <<< [apiv2][body] POST https://serviceusage.googleapis.com/v1/projects/possoftware-93abe/services/sqladmin.googleapis.com:enable [omitted]
[debug] [2025-01-07T20:20:25.029Z] Checked if tokens are valid: true, expires at: 1736284635519
[debug] [2025-01-07T20:20:25.029Z] Checked if tokens are valid: true, expires at: 1736284635519
[debug] [2025-01-07T20:20:25.029Z] >>> [apiv2][query] GET https://serviceusage.googleapis.com/v1/projects/possoftware-93abe/services/sqladmin.googleapis.com [none]
[debug] [2025-01-07T20:20:25.029Z] >>> [apiv2][(partial)header] GET https://serviceusage.googleapis.com/v1/projects/possoftware-93abe/services/sqladmin.googleapis.com x-goog-quota-user=projects/possoftware-93abe
[debug] [2025-01-07T20:20:26.912Z] <<< [apiv2][status] GET https://serviceusage.googleapis.com/v1/projects/possoftware-93abe/services/sqladmin.googleapis.com 200
[debug] [2025-01-07T20:20:26.912Z] <<< [apiv2][body] GET https://serviceusage.googleapis.com/v1/projects/possoftware-93abe/services/sqladmin.googleapis.com [omitted]
[info] +  dataconnect: required API sqladmin.googleapis.com is enabled 
[info] +  Wrote dataconnect\dataconnect.yaml 
[info] +  Wrote dataconnect\schema\schema.gql 
[info] +  Wrote dataconnect\connector\connector.yaml 
[info] +  Wrote dataconnect\connector\queries.gql 
[info] +  Wrote dataconnect\connector\mutations.gql 
[info] +  Detected WEB app in directory F:\bhaiya Pos software\possof 
[info] i  Wrote new config to F:\bhaiya Pos software\possof\dataconnect\connector/connector.yaml 
[info] i  dataconnect: downloading dataconnect-emulator-1.7.5.exe... {"metadata":{"emulator":{"name":"dataconnect"},"message":"downloading dataconnect-emulator-1.7.5.exe..."}}
[debug] [2025-01-07T20:20:37.285Z] >>> [apiv2][query] GET https://storage.googleapis.com/firemat-preview-drop/emulator/dataconnect-emulator-windows-v1.7.5 
[debug] [2025-01-07T20:20:37.937Z] <<< [apiv2][status] GET https://storage.googleapis.com/firemat-preview-drop/emulator/dataconnect-emulator-windows-v1.7.5 200
[debug] [2025-01-07T20:20:37.937Z] <<< [apiv2][body] GET https://storage.googleapis.com/firemat-preview-drop/emulator/dataconnect-emulator-windows-v1.7.5 [stream]
[info] I0108 02:20:53.232108    5988 codegen.go:82] [connector "default" javascriptSdk] Generating sources into "F:\\bhaiya Pos software\\possof\\dataconnect-generated\\js\\default-connector"
I0108 02:20:53.233128    5988 generate.go:40] Generated all sources. Writing them to disk...
I0108 02:20:53.235177    5988 collector.go:107] connector "default" javascriptSdk wrote into "F:\\bhaiya Pos software\\possof\\dataconnect-generated\\js\\default-connector"
Generated sources: esm\package.json [17B] index.cjs.js [220B] package.json [634B] index.d.ts [264B] esm\index.esm.js [179B] 
I0108 02:20:53.241926    5988 installsdk.go:76] Running command: C:\Users\User\AppData\Roaming\npm\npm.cmd install file:dataconnect-generated\js\default-connector

[info] i  Generated SDK code for default 
[info] +  If you'd like to add more generated SDKs to your app your later, run firebase init dataconnect:sdk again 
[info] i  If you'd like to provision a CloudSQL Postgres instance on the Firebase Data Connect no-cost trial:
1. Please upgrade to the pay-as-you-go (Blaze) billing plan. Visit the following page:
     https://console.firebase.google.com/project/possoftware-93abe/usage/details
2. Run firebase init dataconnect again to configure the Cloud SQL instance.
3. Run firebase deploy --only dataconnect to deploy your Data Connect service. 
[info] 
=== Apphosting Setup
[debug] [2025-01-07T20:20:54.629Z] Checked if tokens are valid: true, expires at: 1736284635519
[debug] [2025-01-07T20:20:54.629Z] Checked if tokens are valid: true, expires at: 1736284635519
[debug] [2025-01-07T20:20:54.629Z] >>> [apiv2][query] GET https://cloudbilling.googleapis.com/v1/projects/possoftware-93abe/billingInfo [none]
[debug] [2025-01-07T20:20:56.174Z] <<< [apiv2][status] GET https://cloudbilling.googleapis.com/v1/projects/possoftware-93abe/billingInfo 200
[debug] [2025-01-07T20:20:56.174Z] <<< [apiv2][body] GET https://cloudbilling.googleapis.com/v1/projects/possoftware-93abe/billingInfo {"name":"projects/possoftware-93abe/billingInfo","projectId":"possoftware-93abe","billingAccountName":"","billingEnabled":false}
[info] i  Writing default settings to apphosting.yaml... 
[info] +  Wrote apphosting.yaml 
[info] +  Create a new App Hosting backend with `firebase apphosting:backends:create` 
[info] 
=== Hosting Setup
[debug] [2025-01-07T20:20:56.176Z] Checked if tokens are valid: true, expires at: 1736284635519
[debug] [2025-01-07T20:20:56.176Z] Checked if tokens are valid: true, expires at: 1736284635519
[debug] [2025-01-07T20:20:56.176Z] >>> [apiv2][query] GET https://firebase.googleapis.com/v1beta1/projects/possoftware-93abe [none]
[debug] [2025-01-07T20:20:57.118Z] <<< [apiv2][status] GET https://firebase.googleapis.com/v1beta1/projects/possoftware-93abe 200
[debug] [2025-01-07T20:20:57.118Z] <<< [apiv2][body] GET https://firebase.googleapis.com/v1beta1/projects/possoftware-93abe {"projectId":"possoftware-93abe","projectNumber":"1070673846419","displayName":"posSoftware","name":"projects/possoftware-93abe","resources":{"hostingSite":"possoftware-93abe","realtimeDatabaseInstance":"possoftware-93abe-default-rtdb","storageBucket":"possoftware-93abe.appspot.com","locationId":"us-central"},"state":"ACTIVE","etag":"1_286ac907-7f18-436f-a8e4-af754e7b123d"}
[info] 
[info] Your public directory is the folder (relative to your project directory) that
[info] will contain Hosting assets to be uploaded with firebase deploy. If you
[info] have a build process for your assets, use your build's output directory.
[info] 
[debug] [2025-01-07T20:21:20.800Z] >>> [apiv2][query] GET https://www.gstatic.com/firebasejs/releases.json [none]
[debug] [2025-01-07T20:21:21.111Z] <<< [apiv2][status] GET https://www.gstatic.com/firebasejs/releases.json 200
[debug] [2025-01-07T20:21:21.111Z] <<< [apiv2][body] GET https://www.gstatic.com/firebasejs/releases.json {"current":{"version":"11.1.0","browserURL":"https://www.gstatic.com/firebasejs/11.1.0/firebase.js","packageURL":"https://www.gstatic.com/firebasejs/11.1.0/firebase.tgz"},"live":{"version":"11.1","browserURL":"https://www.gstatic.com/firebasejs/live/11.1/firebase.js","packageURL":"https://www.gstatic.com/firebasejs/live/11.1/firebase.tgz"},"components":{"analytics":"https://www.gstatic.com/firebasejs/11.1.0/firebase-analytics.js","app":"https://www.gstatic.com/firebasejs/11.1.0/firebase-app.js","app-check":"https://www.gstatic.com/firebasejs/11.1.0/firebase-app-check.js","auth":"https://www.gstatic.com/firebasejs/11.1.0/firebase-auth.js","auth/cordova":"https://www.gstatic.com/firebasejs/11.1.0/firebase-auth/cordova.js","auth/web-extension":"https://www.gstatic.com/firebasejs/11.1.0/firebase-auth/web-extension.js","functions":"https://www.gstatic.com/firebasejs/11.1.0/firebase-functions.js","firestore":"https://www.gstatic.com/firebasejs/11.1.0/firebase-firestore.js","firestore/lite":"https://www.gstatic.com/firebasejs/11.1.0/firebase-firestore/lite.js","installations":"https://www.gstatic.com/firebasejs/11.1.0/firebase-installations.js","storage":"https://www.gstatic.com/firebasejs/11.1.0/firebase-storage.js","performance":"https://www.gstatic.com/firebasejs/11.1.0/firebase-performance.js","remote-config":"https://www.gstatic.com/firebasejs/11.1.0/firebase-remote-config.js","messaging":"https://www.gstatic.com/firebasejs/11.1.0/firebase-messaging.js","messaging/sw":"https://www.gstatic.com/firebasejs/11.1.0/firebase-messaging/sw.js","database":"https://www.gstatic.com/firebasejs/11.1.0/firebase-database.js","vertexai":"https://www.gstatic.com/firebasejs/11.1.0/firebase-vertexai.js","data-connect":"https://www.gstatic.com/firebasejs/11.1.0/firebase-data-connect.js","firestore.memory":"https://www.gstatic.com/firebasejs/11.1.0/firebase-firestore.memory.js"}}
[info] +  Wrote public/index.html 
[info] 
[info] i  Detected a .git folder at F:\bhaiya Pos software\possof 
[info] i  Authorizing with GitHub to upload your service account to a GitHub repository's secrets store. 
[info] 
[info] Visit this URL on this device to log in:
[info] https://github.com/login/oauth/authorize?client_id=89cf50f02ac6aaed3484&state=70464241&redirect_uri=http%3A%2F%2Flocalhost%3A9005&scope=read%3Auser%20repo%20public_repo
[info] 
[info] Waiting for authentication...
[debug] [2025-01-07T20:21:58.236Z] ----------------------------------------------------------------------
[debug] [2025-01-07T20:21:58.239Z] Command:       C:\Program Files\nodejs\node.exe C:\Users\User\AppData\Roaming\npm\node_modules\firebase-tools\lib\bin\firebase.js init
[debug] [2025-01-07T20:21:58.239Z] CLI Version:   13.29.1
[debug] [2025-01-07T20:21:58.239Z] Platform:      win32
[debug] [2025-01-07T20:21:58.239Z] Node Version:  v22.11.0
[debug] [2025-01-07T20:21:58.239Z] Time:          Wed Jan 08 2025 02:21:58 GMT+0600 (Bangladesh Standard Time)
[debug] [2025-01-07T20:21:58.239Z] ----------------------------------------------------------------------
[debug] 
[debug] [2025-01-07T20:21:58.245Z] > command requires scopes: ["email","openid","https://www.googleapis.com/auth/cloudplatformprojects.readonly","https://www.googleapis.com/auth/firebase","https://www.googleapis.com/auth/cloud-platform"]
[debug] [2025-01-07T20:21:58.245Z] > authorizing via signed-in user (rishadkhan202119@gmail.com)
[info] 
     ######## #### ########  ######## ########     ###     ######  ########
     ##        ##  ##     ## ##       ##     ##  ##   ##  ##       ##
     ######    ##  ########  ######   ########  #########  ######  ######
     ##        ##  ##    ##  ##       ##     ## ##     ##       ## ##
     ##       #### ##     ## ######## ########  ##     ##  ######  ########

You're about to initialize a Firebase project in this directory:

  F:\bhaiya Pos software\possof

[info] 
=== Project Setup
[info] 
[info] First, let's associate this project directory with a Firebase project.
[info] You can create multiple project aliases by running firebase use --add, 
[info] but for now we'll just set up a default project.
[info] 
[debug] [2025-01-07T20:24:07.008Z] Checked if tokens are valid: true, expires at: 1736284635519
[debug] [2025-01-07T20:24:07.008Z] Checked if tokens are valid: true, expires at: 1736284635519
[debug] [2025-01-07T20:24:07.009Z] >>> [apiv2][query] GET https://firebase.googleapis.com/v1beta1/projects pageSize=100
[debug] [2025-01-07T20:24:08.082Z] <<< [apiv2][status] GET https://firebase.googleapis.com/v1beta1/projects 200
[debug] [2025-01-07T20:24:08.082Z] <<< [apiv2][body] GET https://firebase.googleapis.com/v1beta1/projects [omitted]
[info] i  Using project possoftware-93abe (posSoftware) 
[info] 
=== Hosting Setup
[debug] [2025-01-07T20:24:16.620Z] Checked if tokens are valid: true, expires at: 1736284635519
[debug] [2025-01-07T20:24:16.620Z] Checked if tokens are valid: true, expires at: 1736284635519
[debug] [2025-01-07T20:24:16.620Z] >>> [apiv2][query] GET https://firebase.googleapis.com/v1beta1/projects/possoftware-93abe [none]
[debug] [2025-01-07T20:24:17.317Z] <<< [apiv2][status] GET https://firebase.googleapis.com/v1beta1/projects/possoftware-93abe 200
[debug] [2025-01-07T20:24:17.317Z] <<< [apiv2][body] GET https://firebase.googleapis.com/v1beta1/projects/possoftware-93abe {"projectId":"possoftware-93abe","projectNumber":"1070673846419","displayName":"posSoftware","name":"projects/possoftware-93abe","resources":{"hostingSite":"possoftware-93abe","realtimeDatabaseInstance":"possoftware-93abe-default-rtdb","storageBucket":"possoftware-93abe.appspot.com","locationId":"us-central"},"state":"ACTIVE","etag":"1_286ac907-7f18-436f-a8e4-af754e7b123d"}
[info] 
[info] Your public directory is the folder (relative to your project directory) that
[info] will contain Hosting assets to be uploaded with firebase deploy. If you
[info] have a build process for your assets, use your build's output directory.
[info] 
